#
# There is insufficient memory for the Java Runtime Environment to continue.
# Native memory allocation (malloc) failed to allocate 1048576 bytes. Error detail: AllocateHeap
# Possible reasons:
#   The system is out of physical RAM or swap space
#   This process is running with CompressedOops enabled, and the Java Heap may be blocking the growth of the native heap
# Possible solutions:
#   Reduce memory load on the system
#   Increase physical memory or swap space
#   Check if swap backing store is full
#   Decrease Java heap size (-Xmx/-Xms)
#   Decrease number of Java threads
#   Decrease Java thread stack sizes (-Xss)
#   Set larger code cache with -XX:ReservedCodeCacheSize=
#   JVM is running with Unscaled Compressed Oops mode in which the Java heap is
#     placed in the first 4GB address space. The Java Heap base address is the
#     maximum limit for the native heap growth. Please use -XX:HeapBaseMinAddress
#     to set the Java Heap base and to place the Java Heap above 4GB virtual address.
# This output file may be truncated or incomplete.
#
#  Out of Memory Error (allocation.cpp:44), pid=10948, tid=1912
#
# JRE version:  (17.0.11+9) (build )
# Java VM: OpenJDK 64-Bit Server VM (17.0.11+9, mixed mode, emulated-client, sharing, tiered, compressed oops, compressed class ptrs, g1 gc, windows-amd64)
# No core dump will be written. Minidumps are not enabled by default on client versions of Windows
#

---------------  S U M M A R Y ------------

Command Line: -Xms256m -Xmx1024m -XX:TieredStopAtLevel=1 -Dspring.output.ansi.enabled=always -Dcom.sun.management.jmxremote -Dspring.jmx.enabled=true -Dspring.liveBeansView.mbeanDomain -Dspring.application.admin.enabled=true -Dmanagement.endpoints.jmx.exposure.include=* -javaagent:C:\Program Files\JetBrains\IntelliJ IDEA 2024.1.1\lib\idea_rt.jar=55317:C:\Program Files\JetBrains\IntelliJ IDEA 2024.1.1\bin -Dfile.encoding=UTF-8 com.yeonjin.chatproject.ChatProjectApplication

Host: Intel(R) Core(TM) i5-7500 CPU @ 3.40GHz, 4 cores, 7G,  Windows 10 , 64 bit Build 19041 (10.0.19041.4842)
Time: Tue Sep 24 22:11:25 2024  Windows 10 , 64 bit Build 19041 (10.0.19041.4842) elapsed time: 0.022874 seconds (0d 0h 0m 0s)

---------------  T H R E A D  ---------------

Current thread (0x000002adebd9c130):  JavaThread "Unknown thread" [_thread_in_vm, id=1912, stack(0x000000d284f00000,0x000000d285000000)]

Stack: [0x000000d284f00000,0x000000d285000000]
Native frames: (J=compiled Java code, j=interpreted, Vv=VM code, C=native code)
V  [jvm.dll+0x67d429]
V  [jvm.dll+0x834b7a]
V  [jvm.dll+0x83663e]
V  [jvm.dll+0x836ca3]
V  [jvm.dll+0x247dbf]
V  [jvm.dll+0xa6cb3]
V  [jvm.dll+0x2e77d7]
V  [jvm.dll+0x2df5fb]
V  [jvm.dll+0x806531]
V  [jvm.dll+0x36c561]
V  [jvm.dll+0x7e4f56]
V  [jvm.dll+0x3efdcf]
V  [jvm.dll+0x3f1921]
C  [jli.dll+0x528f]
C  [ucrtbase.dll+0x21bb2]
C  [KERNEL32.DLL+0x17374]
C  [ntdll.dll+0x4cc91]


---------------  P R O C E S S  ---------------

Threads class SMR info:
_java_thread_list=0x00007ffb7119eed8, length=0, elements={
}

Java Threads: ( => current thread )

Other Threads:
  0x000002adebdd7aa0 GCTaskThread "GC Thread#0" [stack: 0x000000d285000000,0x000000d285100000] [id=15148]

[error occurred during error reporting (printing all threads), id 0xc0000005, EXCEPTION_ACCESS_VIOLATION (0xc0000005) at pc=0x00007ffb7095c720]

VM state: not at safepoint (not fully initialized)

VM Mutex/Monitor currently owned by a thread:  ([mutex/lock_event])
[0x000002adebd95e40] Heap_lock - owner thread: 0x000002adebd9c130

Heap address: 0x00000000c0000000, size: 1024 MB, Compressed Oops mode: 32-bit

CDS archive(s) mapped at: [0x0000000000000000-0x0000000000000000-0x0000000000000000), size 0, SharedBaseAddress: 0x0000000800000000, ArchiveRelocationMode: 1.
Narrow klass base: 0x0000000000000000, Narrow klass shift: 0, Narrow klass range: 0x0

GC Precious Log:
<Empty>

Heap:
 garbage-first heap   total 0K, used 0K [0x00000000c0000000, 0x0000000100000000)
  region size 1024K, 0 young (0K), 0 survivors (0K)

[error occurred during error reporting (printing heap information), id 0xc0000005, EXCEPTION_ACCESS_VIOLATION (0xc0000005) at pc=0x00007ffb70d470c9]

GC Heap History (0 events):
No events

Dll operation events (1 events):
Event: 0.011 Loaded shared library C:\OpenJDK17U-jdk_x64_windows_hotspot_17.0.11_9\jdk-17.0.11+9\bin\java.dll

Deoptimization events (0 events):
No events

Classes unloaded (0 events):
No events

Classes redefined (0 events):
No events

Internal exceptions (0 events):
No events

VM Operations (0 events):
No events

Events (0 events):
No events


Dynamic libraries:
0x00007ff737a50000 - 0x00007ff737a5e000 	C:\OpenJDK17U-jdk_x64_windows_hotspot_17.0.11_9\jdk-17.0.11+9\bin\java.exe
0x00007ffbc88d0000 - 0x00007ffbc8ac8000 	C:\WINDOWS\SYSTEM32\ntdll.dll
0x00007ffbc7310000 - 0x00007ffbc73d1000 	C:\WINDOWS\System32\KERNEL32.DLL
0x00007ffbc6590000 - 0x00007ffbc688d000 	C:\WINDOWS\System32\KERNELBASE.dll
0x00007ffbc6050000 - 0x00007ffbc6150000 	C:\WINDOWS\System32\ucrtbase.dll
0x00007ffbbc9d0000 - 0x00007ffbbc9e7000 	C:\OpenJDK17U-jdk_x64_windows_hotspot_17.0.11_9\jdk-17.0.11+9\bin\jli.dll
0x00007ffba7300000 - 0x00007ffba731b000 	C:\OpenJDK17U-jdk_x64_windows_hotspot_17.0.11_9\jdk-17.0.11+9\bin\VCRUNTIME140.dll
0x00007ffbc6ed0000 - 0x00007ffbc706d000 	C:\WINDOWS\System32\USER32.dll
0x00007ffbc6020000 - 0x00007ffbc6042000 	C:\WINDOWS\System32\win32u.dll
0x00007ffbc6d70000 - 0x00007ffbc6d9b000 	C:\WINDOWS\System32\GDI32.dll
0x00007ffbc6440000 - 0x00007ffbc6557000 	C:\WINDOWS\System32\gdi32full.dll
0x00007ffbaec50000 - 0x00007ffbaeeea000 	C:\WINDOWS\WinSxS\amd64_microsoft.windows.common-controls_6595b64144ccf1df_6.0.19041.4355_none_60b8b9eb71f62e16\COMCTL32.dll
0x00007ffbc5f80000 - 0x00007ffbc601d000 	C:\WINDOWS\System32\msvcp_win.dll
0x00007ffbc75d0000 - 0x00007ffbc766e000 	C:\WINDOWS\System32\msvcrt.dll
0x00007ffbc73f0000 - 0x00007ffbc741f000 	C:\WINDOWS\System32\IMM32.DLL
0x00007ffbc0d70000 - 0x00007ffbc0d7c000 	C:\OpenJDK17U-jdk_x64_windows_hotspot_17.0.11_9\jdk-17.0.11+9\bin\vcruntime140_1.dll
0x00007ffb993f0000 - 0x00007ffb9947d000 	C:\OpenJDK17U-jdk_x64_windows_hotspot_17.0.11_9\jdk-17.0.11+9\bin\msvcp140.dll
0x00007ffb70670000 - 0x00007ffb712d2000 	C:\OpenJDK17U-jdk_x64_windows_hotspot_17.0.11_9\jdk-17.0.11+9\bin\server\jvm.dll
0x00007ffbc7710000 - 0x00007ffbc77c0000 	C:\WINDOWS\System32\ADVAPI32.dll
0x00007ffbc7270000 - 0x00007ffbc7310000 	C:\WINDOWS\System32\sechost.dll
0x00007ffbc7440000 - 0x00007ffbc7563000 	C:\WINDOWS\System32\RPCRT4.dll
0x00007ffbc6560000 - 0x00007ffbc6587000 	C:\WINDOWS\System32\bcrypt.dll
0x00007ffbc54c0000 - 0x00007ffbc550b000 	C:\WINDOWS\SYSTEM32\POWRPROF.dll
0x00007ffba3af0000 - 0x00007ffba3af9000 	C:\WINDOWS\SYSTEM32\WSOCK32.dll
0x00007ffbc7200000 - 0x00007ffbc726b000 	C:\WINDOWS\System32\WS2_32.dll
0x00007ffbb35b0000 - 0x00007ffbb35d7000 	C:\WINDOWS\SYSTEM32\WINMM.dll
0x00007ffbbfb90000 - 0x00007ffbbfb9a000 	C:\WINDOWS\SYSTEM32\VERSION.dll
0x00007ffbc5380000 - 0x00007ffbc5392000 	C:\WINDOWS\SYSTEM32\UMPDC.dll
0x00007ffbc3e20000 - 0x00007ffbc3e32000 	C:\WINDOWS\SYSTEM32\kernel.appcore.dll
0x00007ffbc0cb0000 - 0x00007ffbc0cba000 	C:\OpenJDK17U-jdk_x64_windows_hotspot_17.0.11_9\jdk-17.0.11+9\bin\jimage.dll
0x00007ffbaf220000 - 0x00007ffbaf404000 	C:\WINDOWS\SYSTEM32\DBGHELP.DLL
0x00007ffbac680000 - 0x00007ffbac6b4000 	C:\WINDOWS\SYSTEM32\dbgcore.DLL
0x00007ffbc62b0000 - 0x00007ffbc6332000 	C:\WINDOWS\System32\bcryptPrimitives.dll
0x00007ffbbe180000 - 0x00007ffbbe18e000 	C:\OpenJDK17U-jdk_x64_windows_hotspot_17.0.11_9\jdk-17.0.11+9\bin\instrument.dll
0x00007ffba2aa0000 - 0x00007ffba2ac5000 	C:\OpenJDK17U-jdk_x64_windows_hotspot_17.0.11_9\jdk-17.0.11+9\bin\java.dll

dbghelp: loaded successfully - version: 4.0.5 - missing functions: none
symbol engine: initialized successfully - sym options: 0x614 - pdb path: .;C:\OpenJDK17U-jdk_x64_windows_hotspot_17.0.11_9\jdk-17.0.11+9\bin;C:\WINDOWS\SYSTEM32;C:\WINDOWS\WinSxS\amd64_microsoft.windows.common-controls_6595b64144ccf1df_6.0.19041.4355_none_60b8b9eb71f62e16;C:\OpenJDK17U-jdk_x64_windows_hotspot_17.0.11_9\jdk-17.0.11+9\bin\server

VM Arguments:
jvm_args: -Xms256m -Xmx1024m -XX:TieredStopAtLevel=1 -Dspring.output.ansi.enabled=always -Dcom.sun.management.jmxremote -Dspring.jmx.enabled=true -Dspring.liveBeansView.mbeanDomain -Dspring.application.admin.enabled=true -Dmanagement.endpoints.jmx.exposure.include=* -javaagent:C:\Program Files\JetBrains\IntelliJ IDEA 2024.1.1\lib\idea_rt.jar=55317:C:\Program Files\JetBrains\IntelliJ IDEA 2024.1.1\bin -Dfile.encoding=UTF-8 
java_command: com.yeonjin.chatproject.ChatProjectApplication
java_class_path (initial): C:\Users\kangyeonjin\OneDrive\πŸ≈¡ »≠∏È\ReactHome\ChatProject\build\classes\java\main;C:\Users\kangyeonjin\OneDrive\πŸ≈¡ »≠∏È\ReactHome\ChatProject\build\resources\main;C:\Users\kangyeonjin\.gradle\caches\modules-2\files-2.1\org.projectlombok\lombok\1.18.34\ec547ef414ab1d2c040118fb9c1c265ada63af14\lombok-1.18.34.jar;C:\Users\kangyeonjin\.gradle\caches\modules-2\files-2.1\org.springframework.boot\spring-boot-starter-hateoas\3.3.4\d59f330fc22060458b23ef7b6c410e7b387ecdf0\spring-boot-starter-hateoas-3.3.4.jar;C:\Users\kangyeonjin\.gradle\caches\modules-2\files-2.1\org.springframework.boot\spring-boot-starter-validation\3.3.4\cd5e06f484dc2825a8d9704a2093a72587af2b58\spring-boot-starter-validation-3.3.4.jar;C:\Users\kangyeonjin\.gradle\caches\modules-2\files-2.1\org.springframework.boot\spring-boot-starter-web\3.3.4\b43a9fd107611337777b47dc7518e2aca59e58eb\spring-boot-starter-web-3.3.4.jar;C:\Users\kangyeonjin\.gradle\caches\modules-2\files-2.1\org.springframework.boot\spring-boot-starter-data-jpa\3.3.4\60df2a5bea8752fb215f3c8e1dffeb3554773a49\spring-boot-starter-data-jpa-3.3.4.jar;C:\Users\kangyeonjin\.gradle\caches\modules-2\files-2.1\org.springdoc\springdoc-openapi-starter-webmvc-ui\2.2.0\178d8ed6714d78b8b475c45bc60642a9232fcb70\springdoc-openapi-starter-webmvc-ui-2.2.0.jar;C:\Users\kangyeonjin\.gradle\caches\modules-2\files-2.1\com.atomikos\transactions-jdbc\5.0.8\8783cf95706b71d433b661224e500400dbe25cb6\transactions-jdbc-5.0.8.jar;C:\Users\kangyeonjin\.gradle\caches\modules-2\files-2.1\com.atomikos\transactions-jta\5.0.8\5dbefc1810db89dcab503868e9d6e2f2a51ef4dc\transactions-jta-5.0.8.jar;C:\Users\kangyeonjin\.gradle\caches\modules-2\files-2.1\org.springframework.hateoas\spring-hateoas\2.3.3\57998c7e68ac0884ff3c263fb09903b0c211d523\spring-hateoas-2.3.3.jar;C:\Users\kangyeonjin\.gradle\caches\modules-2\files-2.1\org.springframework.boot\spring-boot-starter\3.3.4\f02312a6816fb439a55d2920b9af8f0f8abf5bac\spring-boot-starter-3.3.4.jar;C:\User
Launcher Type: SUN_STANDARD

[Global flags]
     intx CICompilerCount                          = 3                                         {product} {ergonomic}
     uint ConcGCThreads                            = 1                                         {product} {ergonomic}
     uint G1ConcRefinementThreads                  = 4                                         {product} {ergonomic}
   size_t G1HeapRegionSize                         = 1048576                                   {product} {ergonomic}
    uintx GCDrainStackTargetSize                   = 64                                        {product} {ergonomic}
   size_t InitialHeapSize                          = 268435456                                 {product} {command line}
     bool ManagementServer                         = true                                      {product} {command line}
   size_t MarkStackSize                            = 4194304                                   {product} {ergonomic}
   size_t MaxHeapSize                              = 1073741824                                {product} {command line}
   size_t MinHeapDeltaBytes                        = 1048576                                   {product} {ergonomic}
   size_t MinHeapSize                              = 268435456                                 {product} {command line}
    uintx NonProfiledCodeHeapSize                  = 0                                      {pd product} {ergonomic}
     bool ProfileInterpreter                       = false                                  {pd product} {command line}
    uintx ProfiledCodeHeapSize                     = 0                                      {pd product} {ergonomic}
   size_t SoftMaxHeapSize                          = 1073741824                             {manageable} {ergonomic}
     intx TieredStopAtLevel                        = 1                                         {product} {command line}
     bool UseCompressedClassPointers               = true                           {product lp64_product} {ergonomic}
     bool UseCompressedOops                        = true                           {product lp64_product} {ergonomic}
     bool UseG1GC                                  = true                                      {product} {ergonomic}
     bool UseLargePagesIndividualAllocation        = false                                  {pd product} {ergonomic}

Logging:
Log output configuration:
 #0: stdout all=warning uptime,level,tags
 #1: stderr all=off uptime,level,tags

Environment Variables:
JAVA_HOME=C:\OpenJDK17U-jdk_x64_windows_hotspot_17.0.11_9\jdk-17.0.11+9
PATH=C:\WINDOWS\system32;C:\WINDOWS;C:\WINDOWS\System32\Wbem;C:\WINDOWS\System32\WindowsPowerShell\v1.0\;C:\WINDOWS\System32\OpenSSH\;C:\OpenJDK17U-jdk_x64_windows_hotspot_17.0.11_9\jdk-17.0.11+9\bin;C:\Program Files\Git\cmd;C:\Program Files\MySQL\MySQL Server 8.0\bin;C:\Program Files\nodejs\;C:\Program Files\Bandizip\;C:\Scoop\shims;C:\Users\kangyeonjin\AppData\Local\Microsoft\WindowsApps;;C:\Program Files\JetBrains\IntelliJ IDEA 2024.1.1\bin;;C:\Users\kangyeonjin\AppData\Local\Programs\Microsoft VS Code\bin;C:\Users\kangyeonjin\AppData\Roaming\npm
USERNAME=kangyeonjin
OS=Windows_NT
PROCESSOR_IDENTIFIER=Intel64 Family 6 Model 158 Stepping 9, GenuineIntel
TMP=C:\Users\KANGYE~1\AppData\Local\Temp
TEMP=C:\Users\KANGYE~1\AppData\Local\Temp



Periodic native trim disabled


---------------  S Y S T E M  ---------------

OS:
 Windows 10 , 64 bit Build 19041 (10.0.19041.4842)
OS uptime: 12 days 1:54 hours

CPU: total 4 (initial active 4) (4 cores per cpu, 1 threads per core) family 6 model 158 stepping 9 microcode 0xb4, cx8, cmov, fxsr, mmx, 3dnowpref, sse, sse2, sse3, ssse3, sse4.1, sse4.2, popcnt, lzcnt, tsc, tscinvbit, avx, avx2, aes, erms, clmul, bmi1, bmi2, rtm, adx, fma, vzeroupper, clflush, clflushopt
Processor Information for all 4 processors :
  Max Mhz: 3401, Current Mhz: 3401, Mhz Limit: 3401

Memory: 4k page, system-wide physical 8147M (489M free)
TotalPageFile size 22207M (AvailPageFile size 7M)
current process WorkingSet (physical memory assigned to process): 10M, peak: 10M
current process commit charge ("private bytes"): 42M, peak: 43M

vm_info: OpenJDK 64-Bit Server VM (17.0.11+9) for windows-amd64 JRE (17.0.11+9), built on Apr 17 2024 06:07:48 by "admin" with MS VC++ 16.10 / 16.11 (VS2019)

END.
